0 info it worked if it ends with ok
1 verbose cli [ 'node', '/usr/local/bin/npm', 'publish', './' ]
2 info using npm@2.10.1
3 info using node@v0.12.4
4 verbose publish [ './' ]
5 silly cache add args [ './', null ]
6 verbose cache add spec ./
7 silly cache add parsed spec { raw: './',
7 silly cache add   scope: null,
7 silly cache add   name: null,
7 silly cache add   rawSpec: './',
7 silly cache add   spec: '/Users/databentpx/fullstack/ngKnob',
7 silly cache add   type: 'directory' }
8 verbose addLocalDirectory /Users/databentpx/.npm/ngKnob/1.0.0/package.tgz not in flight; packing
9 verbose tar pack [ '/Users/databentpx/.npm/ngKnob/1.0.0/package.tgz',
9 verbose tar pack   '/Users/databentpx/fullstack/ngKnob' ]
10 verbose tarball /Users/databentpx/.npm/ngKnob/1.0.0/package.tgz
11 verbose folder /Users/databentpx/fullstack/ngKnob
12 info prepublish ngKnob@1.0.0
13 verbose addLocalTarball adding from inside cache /Users/databentpx/.npm/ngKnob/1.0.0/package.tgz
14 silly cache afterAdd ngKnob@1.0.0
15 verbose afterAdd /Users/databentpx/.npm/ngKnob/1.0.0/package/package.json not in flight; writing
16 verbose afterAdd /Users/databentpx/.npm/ngKnob/1.0.0/package/package.json written
17 silly publish { name: 'ngKnob',
17 silly publish   version: '1.0.0',
17 silly publish   description: 'A simple directive that simulates a real-world *volume knob*. This was built as an example at [Fullstack Academy](http://www.fullstackacademy.com/).',
17 silly publish   main: 'index.js',
17 silly publish   scripts: { test: 'echo "Error: no test specified" && exit 1' },
17 silly publish   keywords: [],
17 silly publish   author:
17 silly publish    { name: 'Joe Alves',
17 silly publish      email: 'databentpx@gmail.com',
17 silly publish      url: 'http://www.github.com/joedotjs' },
17 silly publish   license: 'ISC',
17 silly publish   dependencies: { angular: '^1.4.2' },
17 silly publish   readme: '# ngKnob\n\nA simple directive that simulates a real-world *volume knob*. This was built as an example at [Fullstack Academy](http://www.fullstackacademy.com/).\n  \n# Running the example\n\nUse `python -m HTTPSimpleServer` or `npm install -g http-server && http-server` to run the example code.\n\n# Using it in your application\n\nInclude `dist/ngKnob.js` in your application as a `<script>` and as well as link the `dist/ngKnob.css` stylesheet. Merge your application with ngKnob (`angular.module(\'YourApp\', [\'ngKnob\'])`) and use the `<ng-knob>` directive as seen in the example.',
17 silly publish   readmeFilename: 'README.md',
17 silly publish   _id: 'ngKnob@1.0.0',
17 silly publish   _shasum: '89e467079f711b4a02e9f8599cf383c4d76e91da',
17 silly publish   _from: '.' }
18 verbose getPublishConfig undefined
19 silly mapToRegistry name ngKnob
20 silly mapToRegistry using default registry
21 silly mapToRegistry registry https://registry.npmjs.org/
22 silly mapToRegistry uri https://registry.npmjs.org/ngKnob
23 verbose publish registryBase https://registry.npmjs.org/
24 silly publish uploading /Users/databentpx/.npm/ngKnob/1.0.0/package.tgz
25 verbose stack Error: Invalid name: "ngKnob"
25 verbose stack     at ensureValidName (/usr/local/lib/node_modules/npm/node_modules/normalize-package-data/lib/fixer.js:323:15)
25 verbose stack     at Object.module.exports.fixNameField (/usr/local/lib/node_modules/npm/node_modules/normalize-package-data/lib/fixer.js:206:5)
25 verbose stack     at CachingRegistryClient.publish (/usr/local/lib/node_modules/npm/node_modules/npm-registry-client/lib/publish.js:41:11)
25 verbose stack     at /usr/local/lib/node_modules/npm/lib/publish.js:134:14
25 verbose stack     at mapToRegistry (/usr/local/lib/node_modules/npm/lib/utils/map-to-registry.js:55:3)
25 verbose stack     at publish_ (/usr/local/lib/node_modules/npm/lib/publish.js:104:3)
25 verbose stack     at Array.<anonymous> (/usr/local/lib/node_modules/npm/node_modules/slide/lib/bind-actor.js:15:8)
25 verbose stack     at LOOP (/usr/local/lib/node_modules/npm/node_modules/slide/lib/chain.js:15:14)
25 verbose stack     at LOOP (/usr/local/lib/node_modules/npm/node_modules/slide/lib/chain.js:14:28)
25 verbose stack     at chain (/usr/local/lib/node_modules/npm/node_modules/slide/lib/chain.js:20:5)
26 verbose cwd /Users/databentpx/fullstack/ngKnob
27 error Darwin 13.4.0
28 error argv "node" "/usr/local/bin/npm" "publish" "./"
29 error node v0.12.4
30 error npm  v2.10.1
31 error Invalid name: "ngKnob"
32 error If you need help, you may report this error at:
32 error     <https://github.com/npm/npm/issues>
33 verbose exit [ 1, true ]
